c:\users\frenchy\desktop\spring 2021\graphics\qt_practice\myownqtpractice\myownqtpractice\x64\debug\qrc_myownqtpractice.obj
c:\users\frenchy\desktop\spring 2021\graphics\qt_practice\myownqtpractice\myownqtpractice\x64\debug\moc_myownqtpractice.obj
c:\users\frenchy\desktop\spring 2021\graphics\qt_practice\myownqtpractice\myownqtpractice\x64\debug\main.obj
c:\users\frenchy\desktop\spring 2021\graphics\qt_practice\myownqtpractice\myownqtpractice\x64\debug\myownqtpractice.obj
c:\users\frenchy\desktop\spring 2021\graphics\qt_practice\myownqtpractice\myownqtpractice\x64\debug\moc_qviewport.obj
c:\users\frenchy\desktop\spring 2021\graphics\qt_practice\myownqtpractice\myownqtpractice\x64\debug\vc141.pdb
c:\users\frenchy\desktop\spring 2021\graphics\qt_practice\myownqtpractice\myownqtpractice\x64\debug\qviewport.obj
c:\users\frenchy\desktop\spring 2021\graphics\qt_practice\myownqtpractice\x64\debug\myownqtpractice.exe
c:\users\frenchy\desktop\spring 2021\graphics\qt_practice\myownqtpractice\x64\debug\myownqtpractice.ilk
c:\users\frenchy\desktop\spring 2021\graphics\qt_practice\myownqtpractice\x64\debug\myownqtpractice.pdb
c:\users\frenchy\desktop\spring 2021\graphics\qt_practice\myownqtpractice\myownqtpractice\x64\debug\moc\moc_myownqtpractice.cpp
c:\users\frenchy\desktop\spring 2021\graphics\qt_practice\myownqtpractice\myownqtpractice\x64\debug\moc\moc_qviewport.cpp
c:\users\frenchy\desktop\spring 2021\graphics\qt_practice\myownqtpractice\myownqtpractice\x64\debug\uic\ui_myownqtpractice.h
c:\users\frenchy\desktop\spring 2021\graphics\qt_practice\myownqtpractice\myownqtpractice\x64\debug\rcc\qrc_myownqtpractice.cpp
c:\users\frenchy\desktop\spring 2021\graphics\qt_practice\myownqtpractice\myownqtpractice\x64\debug\myownqtpractice.tlog\cl.command.1.tlog
c:\users\frenchy\desktop\spring 2021\graphics\qt_practice\myownqtpractice\myownqtpractice\x64\debug\myownqtpractice.tlog\cl.read.1.tlog
c:\users\frenchy\desktop\spring 2021\graphics\qt_practice\myownqtpractice\myownqtpractice\x64\debug\myownqtpractice.tlog\cl.write.1.tlog
c:\users\frenchy\desktop\spring 2021\graphics\qt_practice\myownqtpractice\myownqtpractice\x64\debug\myownqtpractice.tlog\link.command.1.tlog
c:\users\frenchy\desktop\spring 2021\graphics\qt_practice\myownqtpractice\myownqtpractice\x64\debug\myownqtpractice.tlog\link.read.1.tlog
c:\users\frenchy\desktop\spring 2021\graphics\qt_practice\myownqtpractice\myownqtpractice\x64\debug\myownqtpractice.tlog\link.write.1.tlog
c:\users\frenchy\desktop\spring 2021\graphics\qt_practice\myownqtpractice\myownqtpractice\x64\debug\myownqtpractice.tlog\moc.read.1u.tlog
c:\users\frenchy\desktop\spring 2021\graphics\qt_practice\myownqtpractice\myownqtpractice\x64\debug\myownqtpractice.tlog\moc.write.1u.tlog
c:\users\frenchy\desktop\spring 2021\graphics\qt_practice\myownqtpractice\myownqtpractice\x64\debug\myownqtpractice.tlog\myownqtpractice.write.1u.tlog
c:\users\frenchy\desktop\spring 2021\graphics\qt_practice\myownqtpractice\myownqtpractice\x64\debug\myownqtpractice.tlog\rcc.read.1u.tlog
c:\users\frenchy\desktop\spring 2021\graphics\qt_practice\myownqtpractice\myownqtpractice\x64\debug\myownqtpractice.tlog\rcc.write.1u.tlog
c:\users\frenchy\desktop\spring 2021\graphics\qt_practice\myownqtpractice\myownqtpractice\x64\debug\myownqtpractice.tlog\uic.read.1u.tlog
c:\users\frenchy\desktop\spring 2021\graphics\qt_practice\myownqtpractice\myownqtpractice\x64\debug\myownqtpractice.tlog\uic.write.1u.tlog
